<?xml version="1.0" encoding="UTF-8"?>
<testsuite xmlns:xsi="http://www.w3.org/2001/XMLSchema-instance" xsi:noNamespaceSchemaLocation="https://maven.apache.org/surefire/maven-surefire-plugin/xsd/surefire-test-report.xsd" name="br.ufsc.atividade10.BufferTest" time="1.885" tests="6" errors="0" skipped="0" failures="0">
  <properties>
[...]
</properties>
  <testcase name="testAddXBlocks" classname="br.ufsc.atividade10.BufferTest" time="0.41"/>
  <testcase name="testAddOBlocks" classname="br.ufsc.atividade10.BufferTest" time="0.401"/>
  <testcase name="testBlockOnEmpty" classname="br.ufsc.atividade10.BufferTest" time="0.204"/>
  <testcase name="testBlockWithPartial" classname="br.ufsc.atividade10.BufferTest" time="0.404"/>
  <testcase name="testAddBlocks" classname="br.ufsc.atividade10.BufferTest" time="0.202"/>
  <testcase name="testWellBehaved" classname="br.ufsc.atividade10.BufferTest" time="0.204"/>
</testsuite>