<?xml version="1.0" encoding="UTF-8"?>
<testsuite xmlns:xsi="http://www.w3.org/2001/XMLSchema-instance" xsi:noNamespaceSchemaLocation="https://maven.apache.org/surefire/maven-surefire-plugin/xsd/surefire-test-report.xsd" name="br.ufsc.atividade11.MarketTest" time="1.916" tests="5" errors="0" skipped="0" failures="0">
  <properties>
[...]
</properties>
  <testcase name="testCountTakes" classname="br.ufsc.atividade11.MarketTest" time="0.429"/>
  <testcase name="testPutBack" classname="br.ufsc.atividade11.MarketTest" time="0.408"/>
  <testcase name="testSetUnrelatedPrice" classname="br.ufsc.atividade11.MarketTest" time="0.206"/>
  <testcase name="testSetPriceBlocks" classname="br.ufsc.atividade11.MarketTest" time="0.205"/>
  <testcase name="waitForOffer" classname="br.ufsc.atividade11.MarketTest" time="0.61"/>
</testsuite>